[0.007s] Invoking command in '/home/nikosamuel__/tubes1_ws/build/my_first_pkg': CMAKE_PREFIX_PATH=/opt/ros/humble /usr/bin/cmake --build /home/nikosamuel__/tubes1_ws/build/my_first_pkg -- -j20 -l20
[0.029s] [100%] Built target my_node
[0.034s] Invoked command in '/home/nikosamuel__/tubes1_ws/build/my_first_pkg' returned '0': CMAKE_PREFIX_PATH=/opt/ros/humble /usr/bin/cmake --build /home/nikosamuel__/tubes1_ws/build/my_first_pkg -- -j20 -l20
[0.039s] Invoking command in '/home/nikosamuel__/tubes1_ws/build/my_first_pkg': CMAKE_PREFIX_PATH=/opt/ros/humble /usr/bin/cmake --install /home/nikosamuel__/tubes1_ws/build/my_first_pkg
[0.043s] -- Install configuration: ""
[0.043s] -- Execute custom install script
[0.043s] -- Up-to-date symlink: /home/nikosamuel__/tubes1_ws/install/my_first_pkg/lib/my_first_pkg/my_node
[0.043s] -- Up-to-date symlink: /home/nikosamuel__/tubes1_ws/install/my_first_pkg/share/my_first_pkg//launch/display.launch.py
[0.044s] -- Up-to-date symlink: /home/nikosamuel__/tubes1_ws/install/my_first_pkg/share/my_first_pkg//launch/gazebo.launch.py
[0.044s] -- Up-to-date symlink: /home/nikosamuel__/tubes1_ws/install/my_first_pkg/share/my_first_pkg//urdf/my_robot.urdf
[0.044s] -- Up-to-date symlink: /home/nikosamuel__/tubes1_ws/install/my_first_pkg/share/my_first_pkg//rviz/config.rviz
[0.044s] -- Up-to-date symlink: /home/nikosamuel__/tubes1_ws/install/my_first_pkg/share/ament_index/resource_index/package_run_dependencies/my_first_pkg
[0.044s] -- Up-to-date symlink: /home/nikosamuel__/tubes1_ws/install/my_first_pkg/share/ament_index/resource_index/parent_prefix_path/my_first_pkg
[0.044s] -- Up-to-date symlink: /home/nikosamuel__/tubes1_ws/install/my_first_pkg/share/my_first_pkg/environment/ament_prefix_path.sh
[0.044s] -- Up-to-date symlink: /home/nikosamuel__/tubes1_ws/install/my_first_pkg/share/my_first_pkg/environment/ament_prefix_path.dsv
[0.044s] -- Up-to-date symlink: /home/nikosamuel__/tubes1_ws/install/my_first_pkg/share/my_first_pkg/environment/path.sh
[0.044s] -- Up-to-date symlink: /home/nikosamuel__/tubes1_ws/install/my_first_pkg/share/my_first_pkg/environment/path.dsv
[0.044s] -- Up-to-date symlink: /home/nikosamuel__/tubes1_ws/install/my_first_pkg/share/my_first_pkg/local_setup.bash
[0.044s] -- Up-to-date symlink: /home/nikosamuel__/tubes1_ws/install/my_first_pkg/share/my_first_pkg/local_setup.sh
[0.045s] -- Up-to-date symlink: /home/nikosamuel__/tubes1_ws/install/my_first_pkg/share/my_first_pkg/local_setup.zsh
[0.045s] -- Up-to-date symlink: /home/nikosamuel__/tubes1_ws/install/my_first_pkg/share/my_first_pkg/local_setup.dsv
[0.045s] -- Symlinking: /home/nikosamuel__/tubes1_ws/install/my_first_pkg/share/my_first_pkg/package.dsv
[0.049s] -- Up-to-date symlink: /home/nikosamuel__/tubes1_ws/install/my_first_pkg/share/ament_index/resource_index/packages/my_first_pkg
[0.049s] -- Up-to-date symlink: /home/nikosamuel__/tubes1_ws/install/my_first_pkg/share/my_first_pkg/cmake/my_first_pkgConfig.cmake
[0.049s] -- Up-to-date symlink: /home/nikosamuel__/tubes1_ws/install/my_first_pkg/share/my_first_pkg/cmake/my_first_pkgConfig-version.cmake
[0.049s] -- Up-to-date symlink: /home/nikosamuel__/tubes1_ws/install/my_first_pkg/share/my_first_pkg/package.xml
[0.050s] Invoked command in '/home/nikosamuel__/tubes1_ws/build/my_first_pkg' returned '0': CMAKE_PREFIX_PATH=/opt/ros/humble /usr/bin/cmake --install /home/nikosamuel__/tubes1_ws/build/my_first_pkg
