[0.035s] Invoking command in '/home/nikosamuel__/tubes1_ws/build/my_robot_pkg': CMAKE_PREFIX_PATH=${CMAKE_PREFIX_PATH}:/opt/ros/humble /usr/bin/cmake --build /home/nikosamuel__/tubes1_ws/build/my_robot_pkg -- -j20 -l20
[0.191s] [35m[1mConsolidate compiler generated dependencies of target my_node[0m
[0.203s] [100%] Built target my_node
[0.228s] Invoked command in '/home/nikosamuel__/tubes1_ws/build/my_robot_pkg' returned '0': CMAKE_PREFIX_PATH=${CMAKE_PREFIX_PATH}:/opt/ros/humble /usr/bin/cmake --build /home/nikosamuel__/tubes1_ws/build/my_robot_pkg -- -j20 -l20
[0.242s] Invoking command in '/home/nikosamuel__/tubes1_ws/build/my_robot_pkg': CMAKE_PREFIX_PATH=${CMAKE_PREFIX_PATH}:/opt/ros/humble /usr/bin/cmake --install /home/nikosamuel__/tubes1_ws/build/my_robot_pkg
[0.251s] -- Install configuration: ""
[0.253s] -- Execute custom install script
[0.255s] -- Up-to-date symlink: /home/nikosamuel__/tubes1_ws/install/my_robot_pkg/lib/my_robot_pkg/my_node
[0.259s] -- Up-to-date symlink: /home/nikosamuel__/tubes1_ws/install/my_robot_pkg/share/my_robot_pkg//launch/display.launch.py
[0.259s] -- Up-to-date symlink: /home/nikosamuel__/tubes1_ws/install/my_robot_pkg/share/my_robot_pkg//launch/gazebo.launch.py
[0.260s] -- Up-to-date symlink: /home/nikosamuel__/tubes1_ws/install/my_robot_pkg/share/my_robot_pkg//urdf/my_robot.urdf
[0.261s] -- Up-to-date symlink: /home/nikosamuel__/tubes1_ws/install/my_robot_pkg/share/my_robot_pkg//rviz/config.rviz
[0.262s] -- Up-to-date symlink: /home/nikosamuel__/tubes1_ws/install/my_robot_pkg/share/ament_index/resource_index/package_run_dependencies/my_robot_pkg
[0.262s] -- Up-to-date symlink: /home/nikosamuel__/tubes1_ws/install/my_robot_pkg/share/ament_index/resource_index/parent_prefix_path/my_robot_pkg
[0.263s] -- Up-to-date symlink: /home/nikosamuel__/tubes1_ws/install/my_robot_pkg/share/my_robot_pkg/environment/ament_prefix_path.sh
[0.264s] -- Up-to-date symlink: /home/nikosamuel__/tubes1_ws/install/my_robot_pkg/share/my_robot_pkg/environment/ament_prefix_path.dsv
[0.265s] -- Up-to-date symlink: /home/nikosamuel__/tubes1_ws/install/my_robot_pkg/share/my_robot_pkg/environment/path.sh
[0.266s] -- Up-to-date symlink: /home/nikosamuel__/tubes1_ws/install/my_robot_pkg/share/my_robot_pkg/environment/path.dsv
[0.267s] -- Up-to-date symlink: /home/nikosamuel__/tubes1_ws/install/my_robot_pkg/share/my_robot_pkg/local_setup.bash
[0.267s] -- Up-to-date symlink: /home/nikosamuel__/tubes1_ws/install/my_robot_pkg/share/my_robot_pkg/local_setup.sh
[0.268s] -- Up-to-date symlink: /home/nikosamuel__/tubes1_ws/install/my_robot_pkg/share/my_robot_pkg/local_setup.zsh
[0.268s] -- Up-to-date symlink: /home/nikosamuel__/tubes1_ws/install/my_robot_pkg/share/my_robot_pkg/local_setup.dsv
[0.268s] -- Symlinking: /home/nikosamuel__/tubes1_ws/install/my_robot_pkg/share/my_robot_pkg/package.dsv
[0.278s] -- Up-to-date symlink: /home/nikosamuel__/tubes1_ws/install/my_robot_pkg/share/ament_index/resource_index/packages/my_robot_pkg
[0.279s] -- Up-to-date symlink: /home/nikosamuel__/tubes1_ws/install/my_robot_pkg/share/my_robot_pkg/cmake/my_robot_pkgConfig.cmake
[0.279s] -- Up-to-date symlink: /home/nikosamuel__/tubes1_ws/install/my_robot_pkg/share/my_robot_pkg/cmake/my_robot_pkgConfig-version.cmake
[0.280s] -- Up-to-date symlink: /home/nikosamuel__/tubes1_ws/install/my_robot_pkg/share/my_robot_pkg/package.xml
[0.283s] Invoked command in '/home/nikosamuel__/tubes1_ws/build/my_robot_pkg' returned '0': CMAKE_PREFIX_PATH=${CMAKE_PREFIX_PATH}:/opt/ros/humble /usr/bin/cmake --install /home/nikosamuel__/tubes1_ws/build/my_robot_pkg
