[0.020s] Invoking command in '/home/nikosamuel__/tubes1_ws/build/my_robot_pkg': CMAKE_PREFIX_PATH=${CMAKE_PREFIX_PATH}:/opt/ros/humble /usr/bin/cmake /home/nikosamuel__/tubes1_ws/src/my_robot_pkg -DCMAKE_INSTALL_PREFIX=/home/nikosamuel__/tubes1_ws/install/my_robot_pkg
[0.081s] -- Found ament_cmake: 1.3.11 (/opt/ros/humble/share/ament_cmake/cmake)
[0.260s] -- Override CMake install command with custom implementation using symlinks instead of copying resources
[0.298s] -- Found gazebo_ros: 3.7.0 (/opt/ros/humble/share/gazebo_ros/cmake)
[0.599s] -- Found rosidl_generator_c: 3.1.6 (/opt/ros/humble/share/rosidl_generator_c/cmake)
[0.607s] -- Found rosidl_adapter: 3.1.6 (/opt/ros/humble/share/rosidl_adapter/cmake)
[0.628s] -- Found rosidl_generator_cpp: 3.1.6 (/opt/ros/humble/share/rosidl_generator_cpp/cmake)
[0.665s] -- Using all available rosidl_typesupport_c: rosidl_typesupport_fastrtps_c;rosidl_typesupport_introspection_c
[0.706s] -- Using all available rosidl_typesupport_cpp: rosidl_typesupport_fastrtps_cpp;rosidl_typesupport_introspection_cpp
[0.790s] -- Found rmw_implementation_cmake: 6.1.2 (/opt/ros/humble/share/rmw_implementation_cmake/cmake)
[0.795s] -- Found rmw_fastrtps_cpp: 6.2.7 (/opt/ros/humble/share/rmw_fastrtps_cpp/cmake)
[6.411s] -- Using RMW implementation 'rmw_fastrtps_cpp' as default
[6.574s] -- Found DART: /usr/include (Required is at least version "6.6") found components: dart 
[6.650s] -- Found Protobuf: /usr/lib/x86_64-linux-gnu/libprotobuf.so (found version "3.12.4") 
[6.658s] -- Looking for ignition-math6 -- found version 6.15.1
[6.675s] -- Searching for dependencies of ignition-math6
[6.682s] -- Looking for OGRE...
[6.695s] -- Found Ogre Ghadamon (1.9.0)
[6.696s] -- Found OGRE: optimized;/usr/lib/x86_64-linux-gnu/libOgreMain.so;debug;/usr/lib/x86_64-linux-gnu/libOgreMain.so
[6.711s] -- Looking for OGRE_Paging...
[6.711s] -- Found OGRE_Paging: optimized;/usr/lib/x86_64-linux-gnu/libOgrePaging.so;debug;/usr/lib/x86_64-linux-gnu/libOgrePaging.so
[6.712s] -- Looking for OGRE_Terrain...
[6.712s] -- Found OGRE_Terrain: optimized;/usr/lib/x86_64-linux-gnu/libOgreTerrain.so;debug;/usr/lib/x86_64-linux-gnu/libOgreTerrain.so
[6.712s] -- Looking for OGRE_Property...
[6.712s] -- Found OGRE_Property: optimized;/usr/lib/x86_64-linux-gnu/libOgreProperty.so;debug;/usr/lib/x86_64-linux-gnu/libOgreProperty.so
[6.712s] -- Looking for OGRE_RTShaderSystem...
[6.712s] -- Found OGRE_RTShaderSystem: optimized;/usr/lib/x86_64-linux-gnu/libOgreRTShaderSystem.so;debug;/usr/lib/x86_64-linux-gnu/libOgreRTShaderSystem.so
[6.712s] -- Looking for OGRE_Volume...
[6.712s] -- Found OGRE_Volume: optimized;/usr/lib/x86_64-linux-gnu/libOgreVolume.so;debug;/usr/lib/x86_64-linux-gnu/libOgreVolume.so
[6.713s] -- Looking for OGRE_Overlay...
[6.713s] -- Found OGRE_Overlay: optimized;/usr/lib/x86_64-linux-gnu/libOgreOverlay.so;debug;/usr/lib/x86_64-linux-gnu/libOgreOverlay.so
[30.863s] -- Looking for ignition-math6 -- found version 6.15.1
[30.867s] -- Looking for ignition-transport8 -- found version 8.2.1
[30.868s] -- Searching for dependencies of ignition-transport8
[32.561s] -- Found Protobuf: /usr/lib/x86_64-linux-gnu/libprotobuf.so (found suitable version "3.12.4", minimum required is "3") 
[33.510s] -- Config-file not installed for ZeroMQ -- checking for pkg-config
[33.516s] -- Checking for module 'libzmq >= 4'
[33.535s] --   Found libzmq , version 4.3.4
[33.572s] -- Checking for module 'uuid'
[33.585s] --   Found uuid, version 2.37.2
[33.616s] -- Looking for ignition-msgs5 -- found version 5.8.1
[33.617s] -- Searching for dependencies of ignition-msgs5
[34.684s] -- Looking for ignition-math6 -- found version 6.15.1
[34.690s] -- Checking for module 'tinyxml2'
[34.702s] --   Found tinyxml2, version 9.0.0
[34.731s] -- Looking for ignition-msgs5 -- found version 5.8.1
[34.732s] -- Looking for ignition-common3 -- found version 3.14.0
[34.733s] -- Searching for dependencies of ignition-common3
[34.733s] -- Looking for dlfcn.h - found
[34.733s] -- Looking for libdl - found
[34.829s] -- Searching for <ignition-common3> component [graphics]
[34.832s] -- Looking for ignition-common3-graphics -- found version 3.14.0
[34.833s] -- Searching for dependencies of ignition-common3-graphics
[34.834s] -- Looking for ignition-math6 -- found version 6.15.1
[34.838s] -- Looking for ignition-fuel_tools4 -- found version 4.4.0
[34.839s] -- Searching for dependencies of ignition-fuel_tools4
[36.364s] -- Checking for module 'jsoncpp'
[36.376s] --   Found jsoncpp, version 1.9.5
[36.411s] -- Checking for module 'libzip'
[36.422s] --   Found libzip, version 1.7.3
[36.449s] -- Looking for ignition-common3 -- found version 3.14.0
[36.450s] -- Looking for ignition-math6 -- found version 6.15.1
[36.450s] -- Looking for ignition-msgs5 -- found version 5.8.1
[36.454s] -- Gazebo version: 11.10
[36.458s] -- Found geometry_msgs: 4.2.4 (/opt/ros/humble/share/geometry_msgs/cmake)
[36.481s] -- Found ament_lint_auto: 0.12.11 (/opt/ros/humble/share/ament_lint_auto/cmake)
[36.571s] -- Added test 'cppcheck' to perform static code analysis on C / C++ code
[36.572s] -- Configured cppcheck include dirs: $<BUILD_INTERFACE:/home/nikosamuel__/tubes1_ws/src/my_robot_pkg/include>
[36.572s] -- Configured cppcheck exclude dirs and/or files: 
[36.572s] -- Added test 'flake8' to check Python code syntax and style conventions
[36.573s] -- Added test 'lint_cmake' to check CMake code style
[36.574s] -- Added test 'pep257' to check Python code against some of the docstring style conventions in PEP 257
[36.575s] -- Added test 'uncrustify' to check C / C++ code style
[36.575s] -- Configured uncrustify additional arguments: 
[36.576s] -- Added test 'xmllint' to check XML markup files
[36.579s] -- Configuring done
[36.597s] -- Generating done
[36.604s] -- Build files have been written to: /home/nikosamuel__/tubes1_ws/build/my_robot_pkg
[36.622s] Invoked command in '/home/nikosamuel__/tubes1_ws/build/my_robot_pkg' returned '0': CMAKE_PREFIX_PATH=${CMAKE_PREFIX_PATH}:/opt/ros/humble /usr/bin/cmake /home/nikosamuel__/tubes1_ws/src/my_robot_pkg -DCMAKE_INSTALL_PREFIX=/home/nikosamuel__/tubes1_ws/install/my_robot_pkg
[36.624s] Invoking command in '/home/nikosamuel__/tubes1_ws/build/my_robot_pkg': CMAKE_PREFIX_PATH=${CMAKE_PREFIX_PATH}:/opt/ros/humble /usr/bin/cmake --build /home/nikosamuel__/tubes1_ws/build/my_robot_pkg -- -j20 -l20
[36.666s] [35m[1mConsolidate compiler generated dependencies of target my_node[0m
[36.675s] [100%] Built target my_node
[36.685s] Invoked command in '/home/nikosamuel__/tubes1_ws/build/my_robot_pkg' returned '0': CMAKE_PREFIX_PATH=${CMAKE_PREFIX_PATH}:/opt/ros/humble /usr/bin/cmake --build /home/nikosamuel__/tubes1_ws/build/my_robot_pkg -- -j20 -l20
[36.697s] Invoking command in '/home/nikosamuel__/tubes1_ws/build/my_robot_pkg': CMAKE_PREFIX_PATH=${CMAKE_PREFIX_PATH}:/opt/ros/humble /usr/bin/cmake --install /home/nikosamuel__/tubes1_ws/build/my_robot_pkg
[36.703s] -- Install configuration: ""
[36.703s] -- Execute custom install script
[36.704s] -- Up-to-date symlink: /home/nikosamuel__/tubes1_ws/install/my_robot_pkg/lib/my_robot_pkg/my_node
[36.705s] -- Up-to-date symlink: /home/nikosamuel__/tubes1_ws/install/my_robot_pkg/share/my_robot_pkg//launch/display.launch.py
[36.705s] -- Up-to-date symlink: /home/nikosamuel__/tubes1_ws/install/my_robot_pkg/share/my_robot_pkg//launch/gazebo.launch.py
[36.706s] -- Up-to-date symlink: /home/nikosamuel__/tubes1_ws/install/my_robot_pkg/share/my_robot_pkg//urdf/my_robot.urdf
[36.708s] -- Up-to-date symlink: /home/nikosamuel__/tubes1_ws/install/my_robot_pkg/share/my_robot_pkg//rviz/config.rviz
[36.708s] -- Up-to-date symlink: /home/nikosamuel__/tubes1_ws/install/my_robot_pkg/share/ament_index/resource_index/package_run_dependencies/my_robot_pkg
[36.709s] -- Up-to-date symlink: /home/nikosamuel__/tubes1_ws/install/my_robot_pkg/share/ament_index/resource_index/parent_prefix_path/my_robot_pkg
[36.710s] -- Up-to-date symlink: /home/nikosamuel__/tubes1_ws/install/my_robot_pkg/share/my_robot_pkg/environment/ament_prefix_path.sh
[36.710s] -- Up-to-date symlink: /home/nikosamuel__/tubes1_ws/install/my_robot_pkg/share/my_robot_pkg/environment/ament_prefix_path.dsv
[36.711s] -- Up-to-date symlink: /home/nikosamuel__/tubes1_ws/install/my_robot_pkg/share/my_robot_pkg/environment/path.sh
[36.712s] -- Up-to-date symlink: /home/nikosamuel__/tubes1_ws/install/my_robot_pkg/share/my_robot_pkg/environment/path.dsv
[36.712s] -- Up-to-date symlink: /home/nikosamuel__/tubes1_ws/install/my_robot_pkg/share/my_robot_pkg/local_setup.bash
[36.713s] -- Up-to-date symlink: /home/nikosamuel__/tubes1_ws/install/my_robot_pkg/share/my_robot_pkg/local_setup.sh
[36.714s] -- Up-to-date symlink: /home/nikosamuel__/tubes1_ws/install/my_robot_pkg/share/my_robot_pkg/local_setup.zsh
[36.714s] -- Up-to-date symlink: /home/nikosamuel__/tubes1_ws/install/my_robot_pkg/share/my_robot_pkg/local_setup.dsv
[36.715s] -- Symlinking: /home/nikosamuel__/tubes1_ws/install/my_robot_pkg/share/my_robot_pkg/package.dsv
[36.724s] -- Up-to-date symlink: /home/nikosamuel__/tubes1_ws/install/my_robot_pkg/share/ament_index/resource_index/packages/my_robot_pkg
[36.725s] -- Up-to-date symlink: /home/nikosamuel__/tubes1_ws/install/my_robot_pkg/share/my_robot_pkg/cmake/my_robot_pkgConfig.cmake
[36.726s] -- Up-to-date symlink: /home/nikosamuel__/tubes1_ws/install/my_robot_pkg/share/my_robot_pkg/cmake/my_robot_pkgConfig-version.cmake
[36.726s] -- Up-to-date symlink: /home/nikosamuel__/tubes1_ws/install/my_robot_pkg/share/my_robot_pkg/package.xml
[36.729s] Invoked command in '/home/nikosamuel__/tubes1_ws/build/my_robot_pkg' returned '0': CMAKE_PREFIX_PATH=${CMAKE_PREFIX_PATH}:/opt/ros/humble /usr/bin/cmake --install /home/nikosamuel__/tubes1_ws/build/my_robot_pkg
