[0.008s] Invoking command in '/home/nikosamuel__/tubes1_ws/build/my_first_pkg': CMAKE_PREFIX_PATH=/opt/ros/humble /usr/bin/cmake /home/nikosamuel__/tubes1_ws/src/my_first_pkg -DAMENT_CMAKE_SYMLINK_INSTALL=1 -DCMAKE_INSTALL_PREFIX=/home/nikosamuel__/tubes1_ws/install/my_first_pkg
[0.107s] -- The C compiler identification is GNU 11.4.0
[0.310s] -- The CXX compiler identification is GNU 11.4.0
[0.407s] -- Detecting C compiler ABI info
[0.465s] -- Detecting C compiler ABI info - done
[0.468s] -- Check for working C compiler: /usr/bin/cc - skipped
[0.469s] -- Detecting C compile features
[0.470s] -- Detecting C compile features - done
[0.472s] -- Detecting CXX compiler ABI info
[0.533s] -- Detecting CXX compiler ABI info - done
[0.537s] -- Check for working CXX compiler: /usr/bin/c++ - skipped
[0.537s] -- Detecting CXX compile features
[0.537s] -- Detecting CXX compile features - done
[0.545s] -- Found ament_cmake: 1.3.11 (/opt/ros/humble/share/ament_cmake/cmake)
[0.630s] -- Found Python3: /usr/bin/python3 (found version "3.10.12") found components: Interpreter 
[0.668s] -- Override CMake install command with custom implementation using symlinks instead of copying resources
[0.691s] -- Found ament_lint_auto: 0.12.11 (/opt/ros/humble/share/ament_lint_auto/cmake)
[0.743s] -- Added test 'cppcheck' to perform static code analysis on C / C++ code
[0.743s] -- Configured cppcheck include dirs: $<BUILD_INTERFACE:/home/nikosamuel__/tubes1_ws/src/my_first_pkg/include>
[0.744s] -- Configured cppcheck exclude dirs and/or files: 
[0.744s] -- Added test 'flake8' to check Python code syntax and style conventions
[0.744s] -- Added test 'lint_cmake' to check CMake code style
[0.745s] -- Added test 'pep257' to check Python code against some of the docstring style conventions in PEP 257
[0.746s] -- Added test 'uncrustify' to check C / C++ code style
[0.746s] -- Configured uncrustify additional arguments: 
[0.746s] -- Added test 'xmllint' to check XML markup files
[0.747s] -- Configuring done
[0.750s] -- Generating done
[0.751s] -- Build files have been written to: /home/nikosamuel__/tubes1_ws/build/my_first_pkg
[0.753s] Invoked command in '/home/nikosamuel__/tubes1_ws/build/my_first_pkg' returned '0': CMAKE_PREFIX_PATH=/opt/ros/humble /usr/bin/cmake /home/nikosamuel__/tubes1_ws/src/my_first_pkg -DAMENT_CMAKE_SYMLINK_INSTALL=1 -DCMAKE_INSTALL_PREFIX=/home/nikosamuel__/tubes1_ws/install/my_first_pkg
[0.754s] Invoking command in '/home/nikosamuel__/tubes1_ws/build/my_first_pkg': CMAKE_PREFIX_PATH=/opt/ros/humble /usr/bin/cmake --build /home/nikosamuel__/tubes1_ws/build/my_first_pkg -- -j20 -l20
[0.775s] [ 50%] [32mBuilding CXX object CMakeFiles/my_node.dir/src/my_node.cpp.o[0m
[0.797s] [100%] [32m[1mLinking CXX executable my_node[0m
[0.849s] [100%] Built target my_node
[0.854s] Invoked command in '/home/nikosamuel__/tubes1_ws/build/my_first_pkg' returned '0': CMAKE_PREFIX_PATH=/opt/ros/humble /usr/bin/cmake --build /home/nikosamuel__/tubes1_ws/build/my_first_pkg -- -j20 -l20
[0.859s] Invoking command in '/home/nikosamuel__/tubes1_ws/build/my_first_pkg': CMAKE_PREFIX_PATH=/opt/ros/humble /usr/bin/cmake --install /home/nikosamuel__/tubes1_ws/build/my_first_pkg
[0.863s] -- Install configuration: ""
[0.863s] -- Execute custom install script
[0.863s] -- Symlinking: /home/nikosamuel__/tubes1_ws/install/my_first_pkg/lib/my_first_pkg/my_node
[0.867s] -- Symlinking: /home/nikosamuel__/tubes1_ws/install/my_first_pkg/share/my_first_pkg//launch/display.launch.py
[0.871s] -- Symlinking: /home/nikosamuel__/tubes1_ws/install/my_first_pkg/share/my_first_pkg//launch/gazebo.launch.py
[0.875s] -- Symlinking: /home/nikosamuel__/tubes1_ws/install/my_first_pkg/share/my_first_pkg//urdf/my_robot.urdf
[0.879s] -- Symlinking: /home/nikosamuel__/tubes1_ws/install/my_first_pkg/share/my_first_pkg//rviz/config.rviz
[0.882s] -- Symlinking: /home/nikosamuel__/tubes1_ws/install/my_first_pkg/share/ament_index/resource_index/package_run_dependencies/my_first_pkg
[0.886s] -- Symlinking: /home/nikosamuel__/tubes1_ws/install/my_first_pkg/share/ament_index/resource_index/parent_prefix_path/my_first_pkg
[0.890s] -- Symlinking: /home/nikosamuel__/tubes1_ws/install/my_first_pkg/share/my_first_pkg/environment/ament_prefix_path.sh
[0.894s] -- Symlinking: /home/nikosamuel__/tubes1_ws/install/my_first_pkg/share/my_first_pkg/environment/ament_prefix_path.dsv
[0.898s] -- Symlinking: /home/nikosamuel__/tubes1_ws/install/my_first_pkg/share/my_first_pkg/environment/path.sh
[0.902s] -- Symlinking: /home/nikosamuel__/tubes1_ws/install/my_first_pkg/share/my_first_pkg/environment/path.dsv
[0.907s] -- Symlinking: /home/nikosamuel__/tubes1_ws/install/my_first_pkg/share/my_first_pkg/local_setup.bash
[0.911s] -- Symlinking: /home/nikosamuel__/tubes1_ws/install/my_first_pkg/share/my_first_pkg/local_setup.sh
[0.915s] -- Symlinking: /home/nikosamuel__/tubes1_ws/install/my_first_pkg/share/my_first_pkg/local_setup.zsh
[0.918s] -- Symlinking: /home/nikosamuel__/tubes1_ws/install/my_first_pkg/share/my_first_pkg/local_setup.dsv
[0.922s] -- Symlinking: /home/nikosamuel__/tubes1_ws/install/my_first_pkg/share/my_first_pkg/package.dsv
[0.926s] -- Symlinking: /home/nikosamuel__/tubes1_ws/install/my_first_pkg/share/ament_index/resource_index/packages/my_first_pkg
[0.930s] -- Symlinking: /home/nikosamuel__/tubes1_ws/install/my_first_pkg/share/my_first_pkg/cmake/my_first_pkgConfig.cmake
[0.934s] -- Symlinking: /home/nikosamuel__/tubes1_ws/install/my_first_pkg/share/my_first_pkg/cmake/my_first_pkgConfig-version.cmake
[0.938s] -- Symlinking: /home/nikosamuel__/tubes1_ws/install/my_first_pkg/share/my_first_pkg/package.xml
[0.943s] Invoked command in '/home/nikosamuel__/tubes1_ws/build/my_first_pkg' returned '0': CMAKE_PREFIX_PATH=/opt/ros/humble /usr/bin/cmake --install /home/nikosamuel__/tubes1_ws/build/my_first_pkg
