[0.423s] DEBUG:colcon:Command line arguments: ['/usr/bin/colcon', 'build', '--symlink-install']
[0.423s] DEBUG:colcon:Parsed command line arguments: Namespace(log_base=None, log_level=None, verb_name='build', build_base='build', install_base='install', merge_install=False, symlink_install=True, test_result_base=None, continue_on_error=False, executor='parallel', parallel_workers=20, event_handlers=None, ignore_user_meta=False, metas=['./colcon.meta'], base_paths=['.'], packages_ignore=None, packages_ignore_regex=None, paths=None, packages_up_to=None, packages_up_to_regex=None, packages_above=None, packages_above_and_dependencies=None, packages_above_depth=None, packages_select_by_dep=None, packages_skip_by_dep=None, packages_skip_up_to=None, packages_select_build_failed=False, packages_skip_build_finished=False, packages_select_test_failures=False, packages_skip_test_passed=False, packages_select=None, packages_skip=None, packages_select_regex=None, packages_skip_regex=None, packages_start=None, packages_end=None, allow_overriding=[], cmake_args=None, cmake_target=None, cmake_target_skip_unavailable=False, cmake_clean_cache=False, cmake_clean_first=False, cmake_force_configure=False, ament_cmake_args=None, catkin_cmake_args=None, catkin_skip_building_tests=False, verb_parser=<colcon_defaults.argument_parser.defaults.DefaultArgumentsDecorator object at 0x7f51384f0220>, verb_extension=<colcon_core.verb.build.BuildVerb object at 0x7f5138659b70>, main=<bound method BuildVerb.main of <colcon_core.verb.build.BuildVerb object at 0x7f5138659b70>>)
[0.804s] Level 1:colcon.colcon_core.package_discovery:discover_packages(colcon_meta) check parameters
[0.804s] Level 1:colcon.colcon_core.package_discovery:discover_packages(recursive) check parameters
[0.805s] Level 1:colcon.colcon_core.package_discovery:discover_packages(ignore) check parameters
[0.805s] Level 1:colcon.colcon_core.package_discovery:discover_packages(path) check parameters
[0.805s] Level 1:colcon.colcon_core.package_discovery:discover_packages(colcon_meta) discover
[0.805s] Level 1:colcon.colcon_core.package_discovery:discover_packages(recursive) discover
[0.805s] INFO:colcon.colcon_core.package_discovery:Crawling recursively for packages in '/home/nikosamuel__/tubes1_ws'
[0.805s] Level 1:colcon.colcon_core.package_identification:_identify(.) by extensions ['ignore', 'ignore_ament_install']
[0.805s] Level 1:colcon.colcon_core.package_identification:_identify(.) by extension 'ignore'
[0.805s] Level 1:colcon.colcon_core.package_identification:_identify(.) by extension 'ignore_ament_install'
[0.805s] Level 1:colcon.colcon_core.package_identification:_identify(.) by extensions ['colcon_pkg']
[0.805s] Level 1:colcon.colcon_core.package_identification:_identify(.) by extension 'colcon_pkg'
[0.805s] Level 1:colcon.colcon_core.package_identification:_identify(.) by extensions ['colcon_meta']
[0.805s] Level 1:colcon.colcon_core.package_identification:_identify(.) by extension 'colcon_meta'
[0.805s] Level 1:colcon.colcon_core.package_identification:_identify(.) by extensions ['ros']
[0.805s] Level 1:colcon.colcon_core.package_identification:_identify(.) by extension 'ros'
[0.824s] Level 1:colcon.colcon_core.package_identification:_identify(.) by extensions ['cmake', 'python']
[0.824s] Level 1:colcon.colcon_core.package_identification:_identify(.) by extension 'cmake'
[0.825s] Level 1:colcon.colcon_core.package_identification:_identify(.) by extension 'python'
[0.825s] Level 1:colcon.colcon_core.package_identification:_identify(.) by extensions ['python_setup_py']
[0.825s] Level 1:colcon.colcon_core.package_identification:_identify(.) by extension 'python_setup_py'
[0.825s] Level 1:colcon.colcon_core.package_identification:_identify(build) by extensions ['ignore', 'ignore_ament_install']
[0.825s] Level 1:colcon.colcon_core.package_identification:_identify(build) by extension 'ignore'
[0.825s] Level 1:colcon.colcon_core.package_identification:_identify(build) ignored
[0.825s] Level 1:colcon.colcon_core.package_identification:_identify(install) by extensions ['ignore', 'ignore_ament_install']
[0.825s] Level 1:colcon.colcon_core.package_identification:_identify(install) by extension 'ignore'
[0.825s] Level 1:colcon.colcon_core.package_identification:_identify(install) ignored
[0.826s] Level 1:colcon.colcon_core.package_identification:_identify(log) by extensions ['ignore', 'ignore_ament_install']
[0.826s] Level 1:colcon.colcon_core.package_identification:_identify(log) by extension 'ignore'
[0.826s] Level 1:colcon.colcon_core.package_identification:_identify(log) ignored
[0.826s] Level 1:colcon.colcon_core.package_identification:_identify(src) by extensions ['ignore', 'ignore_ament_install']
[0.826s] Level 1:colcon.colcon_core.package_identification:_identify(src) by extension 'ignore'
[0.826s] Level 1:colcon.colcon_core.package_identification:_identify(src) by extension 'ignore_ament_install'
[0.826s] Level 1:colcon.colcon_core.package_identification:_identify(src) by extensions ['colcon_pkg']
[0.826s] Level 1:colcon.colcon_core.package_identification:_identify(src) by extension 'colcon_pkg'
[0.826s] Level 1:colcon.colcon_core.package_identification:_identify(src) by extensions ['colcon_meta']
[0.826s] Level 1:colcon.colcon_core.package_identification:_identify(src) by extension 'colcon_meta'
[0.826s] Level 1:colcon.colcon_core.package_identification:_identify(src) by extensions ['ros']
[0.826s] Level 1:colcon.colcon_core.package_identification:_identify(src) by extension 'ros'
[0.826s] Level 1:colcon.colcon_core.package_identification:_identify(src) by extensions ['cmake', 'python']
[0.826s] Level 1:colcon.colcon_core.package_identification:_identify(src) by extension 'cmake'
[0.826s] Level 1:colcon.colcon_core.package_identification:_identify(src) by extension 'python'
[0.827s] Level 1:colcon.colcon_core.package_identification:_identify(src) by extensions ['python_setup_py']
[0.827s] Level 1:colcon.colcon_core.package_identification:_identify(src) by extension 'python_setup_py'
[0.827s] Level 1:colcon.colcon_core.package_identification:_identify(src/my_first_pkg) by extensions ['ignore', 'ignore_ament_install']
[0.827s] Level 1:colcon.colcon_core.package_identification:_identify(src/my_first_pkg) by extension 'ignore'
[0.827s] Level 1:colcon.colcon_core.package_identification:_identify(src/my_first_pkg) by extension 'ignore_ament_install'
[0.827s] Level 1:colcon.colcon_core.package_identification:_identify(src/my_first_pkg) by extensions ['colcon_pkg']
[0.827s] Level 1:colcon.colcon_core.package_identification:_identify(src/my_first_pkg) by extension 'colcon_pkg'
[0.827s] Level 1:colcon.colcon_core.package_identification:_identify(src/my_first_pkg) by extensions ['colcon_meta']
[0.827s] Level 1:colcon.colcon_core.package_identification:_identify(src/my_first_pkg) by extension 'colcon_meta'
[0.827s] Level 1:colcon.colcon_core.package_identification:_identify(src/my_first_pkg) by extensions ['ros']
[0.827s] Level 1:colcon.colcon_core.package_identification:_identify(src/my_first_pkg) by extension 'ros'
[0.831s] DEBUG:colcon.colcon_core.package_identification:Package 'src/my_first_pkg' with type 'ros.ament_cmake' and name 'my_first_pkg'
[0.832s] Level 1:colcon.colcon_core.package_discovery:discover_packages(recursive) using defaults
[0.832s] Level 1:colcon.colcon_core.package_discovery:discover_packages(ignore) discover
[0.832s] Level 1:colcon.colcon_core.package_discovery:discover_packages(ignore) using defaults
[0.832s] Level 1:colcon.colcon_core.package_discovery:discover_packages(path) discover
[0.832s] Level 1:colcon.colcon_core.package_discovery:discover_packages(path) using defaults
[0.867s] Level 1:colcon.colcon_core.package_discovery:discover_packages(prefix_path) check parameters
[0.867s] Level 1:colcon.colcon_core.package_discovery:discover_packages(prefix_path) discover
[0.874s] DEBUG:colcon.colcon_installed_package_information.package_discovery:Found 386 installed packages in /opt/ros/humble
[0.886s] Level 1:colcon.colcon_core.package_discovery:discover_packages(prefix_path) using defaults
[0.945s] Level 5:colcon.colcon_core.verb:set package 'my_first_pkg' build argument 'cmake_args' from command line to 'None'
[0.945s] Level 5:colcon.colcon_core.verb:set package 'my_first_pkg' build argument 'cmake_target' from command line to 'None'
[0.945s] Level 5:colcon.colcon_core.verb:set package 'my_first_pkg' build argument 'cmake_target_skip_unavailable' from command line to 'False'
[0.945s] Level 5:colcon.colcon_core.verb:set package 'my_first_pkg' build argument 'cmake_clean_cache' from command line to 'False'
[0.945s] Level 5:colcon.colcon_core.verb:set package 'my_first_pkg' build argument 'cmake_clean_first' from command line to 'False'
[0.945s] Level 5:colcon.colcon_core.verb:set package 'my_first_pkg' build argument 'cmake_force_configure' from command line to 'False'
[0.945s] Level 5:colcon.colcon_core.verb:set package 'my_first_pkg' build argument 'ament_cmake_args' from command line to 'None'
[0.945s] Level 5:colcon.colcon_core.verb:set package 'my_first_pkg' build argument 'catkin_cmake_args' from command line to 'None'
[0.945s] Level 5:colcon.colcon_core.verb:set package 'my_first_pkg' build argument 'catkin_skip_building_tests' from command line to 'False'
[0.945s] DEBUG:colcon.colcon_core.verb:Building package 'my_first_pkg' with the following arguments: {'ament_cmake_args': None, 'build_base': '/home/nikosamuel__/tubes1_ws/build/my_first_pkg', 'catkin_cmake_args': None, 'catkin_skip_building_tests': False, 'cmake_args': None, 'cmake_clean_cache': False, 'cmake_clean_first': False, 'cmake_force_configure': False, 'cmake_target': None, 'cmake_target_skip_unavailable': False, 'install_base': '/home/nikosamuel__/tubes1_ws/install/my_first_pkg', 'merge_install': False, 'path': '/home/nikosamuel__/tubes1_ws/src/my_first_pkg', 'symlink_install': True, 'test_result_base': None}
[0.945s] INFO:colcon.colcon_core.executor:Executing jobs using 'parallel' executor
[0.946s] DEBUG:colcon.colcon_parallel_executor.executor.parallel:run_until_complete
[0.947s] INFO:colcon.colcon_ros.task.ament_cmake.build:Building ROS package in '/home/nikosamuel__/tubes1_ws/src/my_first_pkg' with build type 'ament_cmake'
[0.947s] INFO:colcon.colcon_cmake.task.cmake.build:Building CMake package in '/home/nikosamuel__/tubes1_ws/src/my_first_pkg'
[0.953s] INFO:colcon.colcon_core.plugin_system:Skipping extension 'colcon_core.shell.bat': Not used on non-Windows systems
[0.953s] INFO:colcon.colcon_core.shell:Skip shell extension 'powershell' for command environment: Not usable outside of PowerShell
[0.953s] DEBUG:colcon.colcon_core.shell:Skip shell extension 'dsv' for command environment
[0.965s] DEBUG:colcon.colcon_core.event_handler.log_command:Invoking command in '/home/nikosamuel__/tubes1_ws/build/my_first_pkg': CMAKE_PREFIX_PATH=/opt/ros/humble /usr/bin/cmake --build /home/nikosamuel__/tubes1_ws/build/my_first_pkg -- -j20 -l20
[40.305s] DEBUG:colcon.colcon_core.event_handler.log_command:Invoked command in '/home/nikosamuel__/tubes1_ws/build/my_first_pkg' returned '0': CMAKE_PREFIX_PATH=/opt/ros/humble /usr/bin/cmake --build /home/nikosamuel__/tubes1_ws/build/my_first_pkg -- -j20 -l20
[40.316s] DEBUG:colcon.colcon_core.event_handler.log_command:Invoking command in '/home/nikosamuel__/tubes1_ws/build/my_first_pkg': CMAKE_PREFIX_PATH=/opt/ros/humble /usr/bin/cmake --install /home/nikosamuel__/tubes1_ws/build/my_first_pkg
[40.349s] Level 1:colcon.colcon_core.environment:create_environment_scripts_only(my_first_pkg)
[40.350s] DEBUG:colcon.colcon_core.event_handler.log_command:Invoked command in '/home/nikosamuel__/tubes1_ws/build/my_first_pkg' returned '0': CMAKE_PREFIX_PATH=/opt/ros/humble /usr/bin/cmake --install /home/nikosamuel__/tubes1_ws/build/my_first_pkg
[40.358s] Level 1:colcon.colcon_core.environment:checking '/home/nikosamuel__/tubes1_ws/install/my_first_pkg' for CMake module files
[40.359s] Level 1:colcon.colcon_core.environment:checking '/home/nikosamuel__/tubes1_ws/install/my_first_pkg' for CMake config files
[40.360s] Level 1:colcon.colcon_core.shell:create_environment_hook('my_first_pkg', 'cmake_prefix_path')
[40.360s] INFO:colcon.colcon_core.shell:Creating environment hook '/home/nikosamuel__/tubes1_ws/install/my_first_pkg/share/my_first_pkg/hook/cmake_prefix_path.ps1'
[40.361s] INFO:colcon.colcon_core.shell:Creating environment descriptor '/home/nikosamuel__/tubes1_ws/install/my_first_pkg/share/my_first_pkg/hook/cmake_prefix_path.dsv'
[40.363s] INFO:colcon.colcon_core.shell:Creating environment hook '/home/nikosamuel__/tubes1_ws/install/my_first_pkg/share/my_first_pkg/hook/cmake_prefix_path.sh'
[40.365s] Level 1:colcon.colcon_core.environment:checking '/home/nikosamuel__/tubes1_ws/install/my_first_pkg/lib'
[40.366s] Level 1:colcon.colcon_core.environment:checking '/home/nikosamuel__/tubes1_ws/install/my_first_pkg/bin'
[40.366s] Level 1:colcon.colcon_core.environment:checking '/home/nikosamuel__/tubes1_ws/install/my_first_pkg/lib/pkgconfig/my_first_pkg.pc'
[40.366s] Level 1:colcon.colcon_core.environment:checking '/home/nikosamuel__/tubes1_ws/install/my_first_pkg/lib/python3.10/site-packages'
[40.366s] Level 1:colcon.colcon_core.environment:checking '/home/nikosamuel__/tubes1_ws/install/my_first_pkg/bin'
[40.367s] INFO:colcon.colcon_core.shell:Creating package script '/home/nikosamuel__/tubes1_ws/install/my_first_pkg/share/my_first_pkg/package.ps1'
[40.368s] INFO:colcon.colcon_core.shell:Creating package descriptor '/home/nikosamuel__/tubes1_ws/install/my_first_pkg/share/my_first_pkg/package.dsv'
[40.370s] INFO:colcon.colcon_core.shell:Creating package script '/home/nikosamuel__/tubes1_ws/install/my_first_pkg/share/my_first_pkg/package.sh'
[40.371s] INFO:colcon.colcon_core.shell:Creating package script '/home/nikosamuel__/tubes1_ws/install/my_first_pkg/share/my_first_pkg/package.bash'
[40.372s] INFO:colcon.colcon_core.shell:Creating package script '/home/nikosamuel__/tubes1_ws/install/my_first_pkg/share/my_first_pkg/package.zsh'
[40.374s] Level 1:colcon.colcon_core.environment:create_file_with_runtime_dependencies(/home/nikosamuel__/tubes1_ws/install/my_first_pkg/share/colcon-core/packages/my_first_pkg)
[40.375s] Level 1:colcon.colcon_core.environment:create_environment_scripts_only(my_first_pkg)
[40.376s] Level 1:colcon.colcon_core.environment:checking '/home/nikosamuel__/tubes1_ws/install/my_first_pkg' for CMake module files
[40.376s] Level 1:colcon.colcon_core.environment:checking '/home/nikosamuel__/tubes1_ws/install/my_first_pkg' for CMake config files
[40.376s] Level 1:colcon.colcon_core.shell:create_environment_hook('my_first_pkg', 'cmake_prefix_path')
[40.377s] INFO:colcon.colcon_core.shell:Creating environment hook '/home/nikosamuel__/tubes1_ws/install/my_first_pkg/share/my_first_pkg/hook/cmake_prefix_path.ps1'
[40.377s] INFO:colcon.colcon_core.shell:Creating environment descriptor '/home/nikosamuel__/tubes1_ws/install/my_first_pkg/share/my_first_pkg/hook/cmake_prefix_path.dsv'
[40.379s] INFO:colcon.colcon_core.shell:Creating environment hook '/home/nikosamuel__/tubes1_ws/install/my_first_pkg/share/my_first_pkg/hook/cmake_prefix_path.sh'
[40.380s] Level 1:colcon.colcon_core.environment:checking '/home/nikosamuel__/tubes1_ws/install/my_first_pkg/lib'
[40.380s] Level 1:colcon.colcon_core.environment:checking '/home/nikosamuel__/tubes1_ws/install/my_first_pkg/bin'
[40.380s] Level 1:colcon.colcon_core.environment:checking '/home/nikosamuel__/tubes1_ws/install/my_first_pkg/lib/pkgconfig/my_first_pkg.pc'
[40.380s] Level 1:colcon.colcon_core.environment:checking '/home/nikosamuel__/tubes1_ws/install/my_first_pkg/lib/python3.10/site-packages'
[40.380s] Level 1:colcon.colcon_core.environment:checking '/home/nikosamuel__/tubes1_ws/install/my_first_pkg/bin'
[40.381s] INFO:colcon.colcon_core.shell:Creating package script '/home/nikosamuel__/tubes1_ws/install/my_first_pkg/share/my_first_pkg/package.ps1'
[40.381s] INFO:colcon.colcon_core.shell:Creating package descriptor '/home/nikosamuel__/tubes1_ws/install/my_first_pkg/share/my_first_pkg/package.dsv'
[40.382s] INFO:colcon.colcon_core.shell:Creating package script '/home/nikosamuel__/tubes1_ws/install/my_first_pkg/share/my_first_pkg/package.sh'
[40.382s] INFO:colcon.colcon_core.shell:Creating package script '/home/nikosamuel__/tubes1_ws/install/my_first_pkg/share/my_first_pkg/package.bash'
[40.383s] INFO:colcon.colcon_core.shell:Creating package script '/home/nikosamuel__/tubes1_ws/install/my_first_pkg/share/my_first_pkg/package.zsh'
[40.383s] Level 1:colcon.colcon_core.environment:create_file_with_runtime_dependencies(/home/nikosamuel__/tubes1_ws/install/my_first_pkg/share/colcon-core/packages/my_first_pkg)
[40.384s] DEBUG:colcon.colcon_parallel_executor.executor.parallel:closing loop
[40.384s] DEBUG:colcon.colcon_parallel_executor.executor.parallel:loop closed
[40.384s] DEBUG:colcon.colcon_parallel_executor.executor.parallel:run_until_complete finished with '0'
[40.384s] DEBUG:colcon.colcon_core.event_reactor:joining thread
[40.475s] INFO:colcon.colcon_core.plugin_system:Skipping extension 'colcon_notification.desktop_notification.notify_send': Could not find 'notify-send'
[40.475s] INFO:colcon.colcon_core.plugin_system:Skipping extension 'colcon_notification.desktop_notification.terminal_notifier': Not used on non-Darwin systems
[40.475s] INFO:colcon.colcon_core.plugin_system:Skipping extension 'colcon_notification.desktop_notification.win32': Not used on non-Windows systems
[40.475s] INFO:colcon.colcon_notification.desktop_notification:Sending desktop notification using 'notify2'
[40.475s] DEBUG:colcon.colcon_notification.desktop_notification.notify2:Failed to initialize notify2: org.freedesktop.DBus.Error.FileNotFound: Failed to connect to socket /run/user/1000/bus: No such file or directory
[40.476s] DEBUG:colcon.colcon_core.event_reactor:joined thread
[40.476s] INFO:colcon.colcon_core.shell:Creating prefix script '/home/nikosamuel__/tubes1_ws/install/local_setup.ps1'
[40.480s] INFO:colcon.colcon_core.shell:Creating prefix util module '/home/nikosamuel__/tubes1_ws/install/_local_setup_util_ps1.py'
[40.482s] INFO:colcon.colcon_core.shell:Creating prefix chain script '/home/nikosamuel__/tubes1_ws/install/setup.ps1'
[40.484s] INFO:colcon.colcon_core.shell:Creating prefix script '/home/nikosamuel__/tubes1_ws/install/local_setup.sh'
[40.486s] INFO:colcon.colcon_core.shell:Creating prefix util module '/home/nikosamuel__/tubes1_ws/install/_local_setup_util_sh.py'
[40.486s] INFO:colcon.colcon_core.shell:Creating prefix chain script '/home/nikosamuel__/tubes1_ws/install/setup.sh'
[40.488s] INFO:colcon.colcon_core.shell:Creating prefix script '/home/nikosamuel__/tubes1_ws/install/local_setup.bash'
[40.489s] INFO:colcon.colcon_core.shell:Creating prefix chain script '/home/nikosamuel__/tubes1_ws/install/setup.bash'
[40.491s] INFO:colcon.colcon_core.shell:Creating prefix script '/home/nikosamuel__/tubes1_ws/install/local_setup.zsh'
[40.492s] INFO:colcon.colcon_core.shell:Creating prefix chain script '/home/nikosamuel__/tubes1_ws/install/setup.zsh'
